0 info it worked if it ends with ok
1 verbose cli [ '/Users/patrickackerman/.nvm/versions/node/v4.8.4/bin/node',
1 verbose cli   '/Users/patrickackerman/.nvm/versions/node/v4.8.4/bin/npm',
1 verbose cli   'version',
1 verbose cli   'patch' ]
2 info using npm@2.15.11
3 info using node@v4.8.4
4 info git [ 'status', '--porcelain' ]
5 verbose stack Error: Git working directory not clean.
5 verbose stack M socket-server/socket-server.js
5 verbose stack     at /Users/patrickackerman/.nvm/versions/node/v4.8.4/lib/node_modules/npm/lib/version.js:171:21
5 verbose stack     at ChildProcess.exithandler (child_process.js:191:7)
5 verbose stack     at emitTwo (events.js:87:13)
5 verbose stack     at ChildProcess.emit (events.js:172:7)
5 verbose stack     at maybeClose (internal/child_process.js:862:16)
5 verbose stack     at Socket.<anonymous> (internal/child_process.js:338:11)
5 verbose stack     at emitOne (events.js:77:13)
5 verbose stack     at Socket.emit (events.js:169:7)
5 verbose stack     at Pipe._onclose (net.js:490:12)
6 verbose cwd /Users/patrickackerman/DevMountain/myProjects/wrest
7 error Darwin 16.5.0
8 error argv "/Users/patrickackerman/.nvm/versions/node/v4.8.4/bin/node" "/Users/patrickackerman/.nvm/versions/node/v4.8.4/bin/npm" "version" "patch"
9 error node v4.8.4
10 error npm  v2.15.11
11 error Git working directory not clean.
11 error M socket-server/socket-server.js
12 error If you need help, you may report this error at:
12 error     <https://github.com/npm/npm/issues>
13 verbose exit [ 1, true ]
